2018-05-19 15:35:54,474 +0530 [main] INFO  (JRSglassesCheckout.java:27) - Logger initalized
2018-05-19 15:36:23,805 +0530 [main] INFO  (JRSglassesCheckout.java:32) - Driver initialized successfully
2018-05-19 15:36:43,248 +0530 [main] INFO  (JRSglassesCheckout.java:34) - Homepage is accessible
2018-05-19 15:44:27,351 +0530 [main] INFO  (JRSglassesCheckout.java:28) - Logger initalized
2018-05-19 15:45:32,395 +0530 [main] INFO  (JRSglassesCheckout.java:33) - Driver initialized successfully
2018-05-19 15:47:01,607 +0530 [main] INFO  (JRSglassesCheckout.java:28) - Logger initalized
2018-05-19 15:47:28,281 +0530 [main] INFO  (JRSglassesCheckout.java:33) - Driver initialized successfully
2018-05-19 15:49:08,714 +0530 [main] INFO  (JRSglassesCheckout.java:28) - Logger initalized
2018-05-19 15:49:36,404 +0530 [main] INFO  (JRSglassesCheckout.java:33) - Driver initialized successfully
2018-05-19 18:23:30,124 +0530 [main] INFO  (JRSglassesCheckout.java:30) - Logger initalized
2018-05-19 18:38:42,202 +0530 [main] INFO  (JRSglassesCheckout.java:30) - Logger initalized
2018-05-19 18:41:01,253 +0530 [main] INFO  (JRSglassesCheckout.java:30) - Logger initalized
2018-05-19 22:00:20,970 +0530 [main] INFO  (JRSglassesCheckout.java:31) - Logger initalized
2018-05-19 22:01:02,305 +0530 [main] INFO  (JRSglassesCheckout.java:31) - Logger initalized
2018-05-19 22:01:42,944 +0530 [main] INFO  (JRSglassesCheckout.java:39) - Driver initialized successfully
2018-05-19 22:02:17,106 +0530 [main] INFO  (JRSglassesCheckout.java:31) - Logger initalized
2018-05-19 22:02:25,234 +0530 [main] INFO  (JRSglassesCheckout.java:39) - Driver initialized successfully
2018-05-19 22:07:11,306 +0530 [main] INFO  (JRSglassesCheckout.java:31) - Logger initalized
2018-05-19 22:07:19,003 +0530 [main] INFO  (JRSglassesCheckout.java:38) - Driver initialized successfully
2018-05-19 22:07:25,404 +0530 [main] INFO  (JRSglassesCheckout.java:47) - Homepage is accessible
2018-05-19 22:07:29,104 +0530 [main] INFO  (JRSglassesCheckout.java:54) - Sunglasses page is launched.
2018-05-19 22:07:29,814 +0530 [main] INFO  (JRSglassesCheckout.java:68) - Filter applied successfully
2018-05-19 22:07:37,723 +0530 [main] INFO  (JRSglassesCheckout.java:81) - Product page is launched.
2018-05-19 22:07:40,315 +0530 [main] INFO  (JRSglassesCheckout.java:89) - Basket addition is launched.
2019-04-14 08:52:16,940 +0530 [main] INFO  (JRSglassesCheckout.java:32) - Logger initalized
2019-04-14 08:53:19,907 +0530 [main] INFO  (JRSglassesCheckout.java:32) - Logger initalized
2019-04-14 08:53:23,826 +0530 [main] INFO  (JRSglassesCheckout.java:39) - Driver initialized successfully
2019-04-14 08:53:28,865 +0530 [main] INFO  (JRSglassesCheckout.java:48) - Homepage is accessible
2019-04-14 08:56:05,329 +0530 [main] INFO  (JRSglassesCheckout.java:32) - Logger initalized
2019-04-14 08:56:09,292 +0530 [main] INFO  (JRSglassesCheckout.java:39) - Driver initialized successfully
2019-04-14 08:56:14,203 +0530 [main] INFO  (JRSglassesCheckout.java:48) - Homepage is accessible
2019-04-14 08:58:12,253 +0530 [main] INFO  (JRSglassesCheckout.java:32) - Logger initalized
2019-04-14 08:58:15,919 +0530 [main] INFO  (JRSglassesCheckout.java:39) - Driver initialized successfully
2019-04-14 08:58:22,067 +0530 [main] INFO  (JRSglassesCheckout.java:48) - Homepage is accessible
2019-04-14 09:00:07,185 +0530 [main] INFO  (JRSglassesCheckout.java:32) - Logger initalized
2019-04-14 09:00:12,958 +0530 [main] INFO  (JRSglassesCheckout.java:39) - Driver initialized successfully
2019-04-14 09:00:17,344 +0530 [main] INFO  (JRSglassesCheckout.java:48) - Homepage is accessible
2019-04-14 09:02:30,348 +0530 [main] INFO  (JRSglassesCheckout.java:32) - Logger initalized
2019-04-14 09:02:33,819 +0530 [main] INFO  (JRSglassesCheckout.java:39) - Driver initialized successfully
2019-04-14 09:02:38,034 +0530 [main] INFO  (JRSglassesCheckout.java:48) - Homepage is accessible
2019-04-14 09:06:20,615 +0530 [main] INFO  (JRSglassesCheckout.java:32) - Logger initalized
2019-04-14 09:06:24,094 +0530 [main] INFO  (JRSglassesCheckout.java:39) - Driver initialized successfully
2019-04-14 09:06:28,685 +0530 [main] INFO  (JRSglassesCheckout.java:48) - Homepage is accessible
2019-04-14 09:08:05,261 +0530 [main] INFO  (JRSglassesCheckout.java:32) - Logger initalized
2019-04-14 09:08:08,807 +0530 [main] INFO  (JRSglassesCheckout.java:39) - Driver initialized successfully
2019-04-14 09:08:13,826 +0530 [main] INFO  (JRSglassesCheckout.java:48) - Homepage is accessible
2019-04-14 09:08:45,018 +0530 [main] INFO  (JRSglassesCheckout.java:32) - Logger initalized
2019-04-14 09:08:49,258 +0530 [main] INFO  (JRSglassesCheckout.java:39) - Driver initialized successfully
2019-04-14 09:08:54,037 +0530 [main] INFO  (JRSglassesCheckout.java:48) - Homepage is accessible
2019-04-14 09:09:21,728 +0530 [main] INFO  (JRSglassesCheckout.java:32) - Logger initalized
2019-04-14 09:09:25,327 +0530 [main] INFO  (JRSglassesCheckout.java:39) - Driver initialized successfully
2019-04-14 09:09:30,241 +0530 [main] INFO  (JRSglassesCheckout.java:48) - Homepage is accessible
2019-04-14 09:11:12,578 +0530 [main] INFO  (JRSglassesCheckout.java:32) - Logger initalized
2019-04-14 09:11:16,243 +0530 [main] INFO  (JRSglassesCheckout.java:39) - Driver initialized successfully
2019-04-14 09:11:23,993 +0530 [main] INFO  (JRSglassesCheckout.java:48) - Homepage is accessible
2019-04-14 09:12:44,390 +0530 [main] INFO  (JRSglassesCheckout.java:32) - Logger initalized
2019-04-14 09:12:47,894 +0530 [main] INFO  (JRSglassesCheckout.java:39) - Driver initialized successfully
2019-04-14 09:12:53,275 +0530 [main] INFO  (JRSglassesCheckout.java:49) - Homepage is accessible
2019-04-14 09:16:55,401 +0530 [main] INFO  (JRSglassesCheckout.java:34) - Logger initalized
2019-04-14 09:16:58,993 +0530 [main] INFO  (JRSglassesCheckout.java:41) - Driver initialized successfully
2019-04-14 09:17:12,155 +0530 [main] INFO  (JRSglassesCheckout.java:34) - Logger initalized
2019-04-14 09:17:16,645 +0530 [main] INFO  (JRSglassesCheckout.java:41) - Driver initialized successfully
2019-04-14 09:17:17,440 +0530 [main] INFO  (JRSglassesCheckout.java:34) - Logger initalized
2019-04-14 09:17:23,657 +0530 [main] INFO  (JRSglassesCheckout.java:52) - Homepage is accessible
2019-04-14 09:17:23,836 +0530 [main] INFO  (JRSglassesCheckout.java:41) - Driver initialized successfully
2019-04-14 09:17:24,465 +0530 [main] INFO  (JRSglassesCheckout.java:34) - Logger initalized
2019-04-14 09:17:30,902 +0530 [main] INFO  (JRSglassesCheckout.java:41) - Driver initialized successfully
2019-04-14 09:17:30,910 +0530 [main] INFO  (JRSglassesCheckout.java:52) - Homepage is accessible
2019-04-14 09:17:37,115 +0530 [main] INFO  (JRSglassesCheckout.java:52) - Homepage is accessible
2019-04-14 09:18:05,549 +0530 [main] INFO  (JRSglassesCheckout.java:34) - Logger initalized
2019-04-14 09:18:09,115 +0530 [main] INFO  (JRSglassesCheckout.java:41) - Driver initialized successfully
2019-04-14 09:18:14,574 +0530 [main] INFO  (JRSglassesCheckout.java:52) - Homepage is accessible
2019-04-14 09:18:39,387 +0530 [main] INFO  (JRSglassesCheckout.java:34) - Logger initalized
2019-04-14 09:18:43,399 +0530 [main] INFO  (JRSglassesCheckout.java:41) - Driver initialized successfully
2019-04-14 09:18:49,535 +0530 [main] INFO  (JRSglassesCheckout.java:34) - Logger initalized
2019-04-14 09:18:49,562 +0530 [main] INFO  (JRSglassesCheckout.java:52) - Homepage is accessible
2019-04-14 09:18:54,367 +0530 [main] INFO  (JRSglassesCheckout.java:41) - Driver initialized successfully
2019-04-14 09:19:00,093 +0530 [main] INFO  (JRSglassesCheckout.java:52) - Homepage is accessible
2019-04-14 09:20:40,395 +0530 [main] INFO  (JRSglassesCheckout.java:34) - Logger initalized
2019-04-14 09:20:44,103 +0530 [main] INFO  (JRSglassesCheckout.java:41) - Driver initialized successfully
2019-04-14 09:20:49,654 +0530 [main] INFO  (JRSglassesCheckout.java:51) - Homepage is accessible
2019-04-14 09:22:36,673 +0530 [main] INFO  (JRSglassesCheckout.java:36) - Logger initalized
2019-04-14 09:22:40,129 +0530 [main] INFO  (JRSglassesCheckout.java:43) - Driver initialized successfully
2019-04-14 09:22:45,637 +0530 [main] INFO  (JRSglassesCheckout.java:53) - Homepage is accessible
